<?xml version="1.0" encoding="UTF-8"?>
<!-- Generated by org.testng.reporters.JUnitReportReporter -->
<testsuite hostname="Keerti-SES" failures="0" tests="2" name="testcase.ProjectOfPunchin" time="46.428" errors="0" timestamp="2020-05-04T10:16:58 IST" skipped="0">
  <testcase classname="testcase.ProjectOfPunchin" name="testcase1" time="17.424"/>
  <system-out/>
  <testcase classname="testcase.ProjectOfPunchin" name="testcase1" time="29.004"/>
  <system-out/>
</testsuite> <!-- testcase.ProjectOfPunchin -->
